Using pre-set license
Built from '2022.3/staging' branch; Version is '2022.3.21f1 (bf09ca542b87) revision 12519882'; Using compiler version '192829333'; Build Type 'Release'
OS: 'Windows 11  (10.0.22631) 64bit Professional' Language: 'pt' Physical Memory: 16273 MB
BatchMode: 1, IsHumanControllingUs: 0, StartBugReporterOnCrash: 0, Is64bit: 1, IsPro: 1

COMMAND LINE ARGUMENTS:
C:\Program Files\Unity\Hub\Editor\2022.3.21f1\Editor\Unity.exe
-adb2
-batchMode
-noUpm
-name
AssetImportWorker0
-projectPath
C:/Users/Ryzen 5/Downloads/Projeto GTA/Projeto GTA
-logFile
Logs/AssetImportWorker0.log
-srvPort
56542
Successfully changed project path to: C:/Users/Ryzen 5/Downloads/Projeto GTA/Projeto GTA
C:/Users/Ryzen 5/Downloads/Projeto GTA/Projeto GTA
[UnityMemory] Configuration Parameters - Can be set up in boot.config
    "memorysetup-bucket-allocator-granularity=16"
    "memorysetup-bucket-allocator-bucket-count=8"
    "memorysetup-bucket-allocator-block-size=33554432"
    "memorysetup-bucket-allocator-block-count=8"
    "memorysetup-main-allocator-block-size=16777216"
    "memorysetup-thread-allocator-block-size=16777216"
    "memorysetup-gfx-main-allocator-block-size=16777216"
    "memorysetup-gfx-thread-allocator-block-size=16777216"
    "memorysetup-cache-allocator-block-size=4194304"
    "memorysetup-typetree-allocator-block-size=2097152"
    "memorysetup-profiler-bucket-allocator-granularity=16"
    "memorysetup-profiler-bucket-allocator-bucket-count=8"
    "memorysetup-profiler-bucket-allocator-block-size=33554432"
    "memorysetup-profiler-bucket-allocator-block-count=8"
    "memorysetup-profiler-allocator-block-size=16777216"
    "memorysetup-profiler-editor-allocator-block-size=1048576"
    "memorysetup-temp-allocator-size-main=16777216"
    "memorysetup-job-temp-allocator-block-size=2097152"
    "memorysetup-job-temp-allocator-block-size-background=1048576"
    "memorysetup-job-temp-allocator-reduction-small-platforms=262144"
    "memorysetup-allocator-temp-initial-block-size-main=262144"
    "memorysetup-allocator-temp-initial-block-size-worker=262144"
    "memorysetup-temp-allocator-size-background-worker=32768"
    "memorysetup-temp-allocator-size-job-worker=262144"
    "memorysetup-temp-allocator-size-preload-manager=33554432"
    "memorysetup-temp-allocator-size-nav-mesh-worker=65536"
    "memorysetup-temp-allocator-size-audio-worker=65536"
    "memorysetup-temp-allocator-size-cloud-worker=32768"
    "memorysetup-temp-allocator-size-gi-baking-worker=262144"
    "memorysetup-temp-allocator-size-gfx=262144"
Player connection [11864] Host "[IP] 192.168.100.36 [Port] 0 [Flags] 2 [Guid] 647483773 [EditorId] 647483773 [Version] 1048832 [Id] WindowsEditor(7,DESKTOP-AKSC985) [Debug] 1 [PackageName] WindowsEditor [ProjectName] Editor" joined multi-casting on [225.0.0.222:54997]...

Player connection [11864] Host "[IP] 192.168.100.36 [Port] 0 [Flags] 2 [Guid] 647483773 [EditorId] 647483773 [Version] 1048832 [Id] WindowsEditor(7,DESKTOP-AKSC985) [Debug] 1 [PackageName] WindowsEditor [ProjectName] Editor" joined alternative multi-casting on [225.0.0.222:34997]...

[Physics::Module] Initialized MultithreadedJobDispatcher with 11 workers.
Refreshing native plugins compatible for Editor in 6.63 ms, found 3 plugins.
Preloading 0 native plugins for Editor in 0.00 ms.
Initialize engine version: 2022.3.21f1 (bf09ca542b87)
[Subsystems] Discovering subsystems at path C:/Program Files/Unity/Hub/Editor/2022.3.21f1/Editor/Data/Resources/UnitySubsystems
[Subsystems] Discovering subsystems at path C:/Users/Ryzen 5/Downloads/Projeto GTA/Projeto GTA/Assets
GfxDevice: creating device client; threaded=0; jobified=0
Direct3D:
    Version:  Direct3D 11.0 [level 11.1]
    Renderer: NVIDIA GeForce RTX 3060 (ID=0x2504)
    Vendor:   NVIDIA
    VRAM:     12115 MB
    Driver:   31.0.15.5212
Initialize mono
Mono path[0] = 'C:/Program Files/Unity/Hub/Editor/2022.3.21f1/Editor/Data/Managed'
Mono path[1] = 'C:/Program Files/Unity/Hub/Editor/2022.3.21f1/Editor/Data/MonoBleedingEdge/lib/mono/unityjit-win32'
Mono config path = 'C:/Program Files/Unity/Hub/Editor/2022.3.21f1/Editor/Data/MonoBleedingEdge/etc'
Using monoOptions --debugger-agent=transport=dt_socket,embedding=1,server=y,suspend=n,address=127.0.0.1:56180
Begin MonoManager ReloadAssembly
Registering precompiled unity dll's ...
Register platform support module: C:/Program Files/Unity/Hub/Editor/2022.3.21f1/Editor/Data/PlaybackEngines/WindowsStandaloneSupport/UnityEditor.WindowsStandalone.Extensions.dll
Registered in 0.005840 seconds.
- Loaded All Assemblies, in  0.307 seconds
Native extension for WindowsStandalone target not found
Mono: successfully reloaded assembly
- Finished resetting the current domain, in  0.269 seconds
Domain Reload Profiling: 575ms
	BeginReloadAssembly (88ms)
		ExecutionOrderSort (0ms)
		DisableScriptedObjects (0ms)
		BackupInstance (0ms)
		ReleaseScriptingObjects (0ms)
		CreateAndSetChildDomain (1ms)
	RebuildCommonClasses (29ms)
	RebuildNativeTypeToScriptingClass (9ms)
	initialDomainReloadingComplete (53ms)
	LoadAllAssembliesAndSetupDomain (128ms)
		LoadAssemblies (86ms)
		RebuildTransferFunctionScriptingTraits (0ms)
		AnalyzeDomain (126ms)
			TypeCache.Refresh (124ms)
				TypeCache.ScanAssembly (112ms)
			ScanForSourceGeneratedMonoScriptInfo (1ms)
			ResolveRequiredComponents (0ms)
	FinalizeReload (269ms)
		ReleaseScriptCaches (0ms)
		RebuildScriptCaches (0ms)
		SetupLoadedEditorAssemblies (214ms)
			LogAssemblyErrors (0ms)
			InitializePlatformSupportModulesInManaged (8ms)
			SetLoadedEditorAssemblies (7ms)
			RefreshPlugins (0ms)
			BeforeProcessingInitializeOnLoad (2ms)
			ProcessInitializeOnLoadAttributes (155ms)
			ProcessInitializeOnLoadMethodAttributes (42ms)
			AfterProcessingInitializeOnLoad (0ms)
			EditorAssembliesLoaded (0ms)
		ExecutionOrderSort2 (0ms)
		AwakeInstancesAfterBackupRestoration (0ms)
========================================================================
Worker process is ready to serve import requests
Begin MonoManager ReloadAssembly
- Loaded All Assemblies, in  0.515 seconds
Refreshing native plugins compatible for Editor in 2.78 ms, found 3 plugins.
Native extension for WindowsStandalone target not found
Package Manager log level set to [2]
[Package Manager] Server::EnsureServerProcessIsRunning -- launch failed, reason: Unity was launched with the -noUpm command-line argument
[Package Manager] UpmClient::Send -- Unable to send message (not connected to UPM process).
[Package Manager] Cannot connect to Unity Package Manager local server
Mono: successfully reloaded assembly
- Finished resetting the current domain, in  0.473 seconds
Domain Reload Profiling: 986ms
	BeginReloadAssembly (134ms)
		ExecutionOrderSort (0ms)
		DisableScriptedObjects (5ms)
		BackupInstance (0ms)
		ReleaseScriptingObjects (0ms)
		CreateAndSetChildDomain (22ms)
	RebuildCommonClasses (29ms)
	RebuildNativeTypeToScriptingClass (9ms)
	initialDomainReloadingComplete (36ms)
	LoadAllAssembliesAndSetupDomain (306ms)
		LoadAssemblies (240ms)
		RebuildTransferFunctionScriptingTraits (0ms)
		AnalyzeDomain (145ms)
			TypeCache.Refresh (128ms)
				TypeCache.ScanAssembly (116ms)
			ScanForSourceGeneratedMonoScriptInfo (12ms)
			ResolveRequiredComponents (3ms)
	FinalizeReload (474ms)
		ReleaseScriptCaches (0ms)
		RebuildScriptCaches (0ms)
		SetupLoadedEditorAssemblies (353ms)
			LogAssemblyErrors (0ms)
			InitializePlatformSupportModulesInManaged (5ms)
			SetLoadedEditorAssemblies (3ms)
			RefreshPlugins (0ms)
			BeforeProcessingInitializeOnLoad (50ms)
			ProcessInitializeOnLoadAttributes (273ms)
			ProcessInitializeOnLoadMethodAttributes (17ms)
			AfterProcessingInitializeOnLoad (5ms)
			EditorAssembliesLoaded (0ms)
		ExecutionOrderSort2 (0ms)
		AwakeInstancesAfterBackupRestoration (6ms)
Launched and connected shader compiler UnityShaderCompiler.exe after 0.04 seconds
Refreshing native plugins compatible for Editor in 2.60 ms, found 3 plugins.
Preloading 0 native plugins for Editor in 0.00 ms.
Unloading 3102 Unused Serialized files (Serialized files now loaded: 0)
Unloading 32 unused Assets / (57.0 KB). Loaded Objects now: 3565.
Memory consumption went from 121.6 MB to 121.5 MB.
Total: 2.948700 ms (FindLiveObjects: 0.209200 ms CreateObjectMapping: 0.078600 ms MarkObjects: 2.567900 ms  DeleteObjects: 0.092100 ms)

AssetImportParameters requested are different than current active one (requested -> active):
  custom:container-demuxer-ogg: 62fdf1f143b41e24485cea50d1cbac27 -> 
  custom:video-decoder-ogg-theora: a1e56fd34408186e4bbccfd4996cb3dc -> 
  custom:framework-win-MediaFoundation: 216162199b28c13a410421893ffa2e32 -> 
  custom:CustomObjectIndexerAttribute: 9a22284fe3817be447336de3de66b15e -> 
  custom:container-demuxer-webm: 4f35f7cbe854078d1ac9338744f61a02 -> 
  custom:container-muxer-webm: aa71ff27fc2769a1b78a27578f13a17b -> 
  custom:video-decoder-webm-vp8: 9c59270c3fd7afecdb556c50c9e8de78 -> 
  custom:SearchIndexIgnoredProperties: e643bd26f0fe6173181afceb89e7c659 -> 
  custom:AudioImporter_EditorPlatform: d09bf68614088b80899f8185d706f6e7 -> 
  custom:video-encoder-webm-vp8: eb34c28f22e8b96e1ab97ce403110664 -> 
  custom:audio-decoder-ogg-vorbis: bf7c407c2cedff20999df2af8eb42d56 -> 
  custom:audio-encoder-webm-vorbis: bf7c407c2cedff20999df2af8eb42d56 -> 
========================================================================
Received Import Request.
  Time since last request: 78736.810488 seconds.
  path: Assets/Viuletti City low poly/Materials/Nature/Ground green.mat
  artifactKey: Guid(3aee9b349b98e2645b9c005d906adfaf) Importer(815301076,1909f56bfc062723c751e8b465ee728b)
Start importing Assets/Viuletti City low poly/Materials/Nature/Ground green.mat using Guid(3aee9b349b98e2645b9c005d906adfaf) Importer(815301076,1909f56bfc062723c751e8b465ee728b)  -> (artifact id: '509b6dfa46f5c42f77bd1f644cab627d') in 0.095600 seconds
Number of updated asset objects reloaded before import = 0
Number of asset objects unloaded after import = 1
========================================================================
Received Import Request.
  Time since last request: 0.000029 seconds.
  path: Assets/Viuletti City low poly/Materials/Buildings/Office ground.mat
  artifactKey: Guid(2a237edd1fabd94418dd63faaab45695) Importer(815301076,1909f56bfc062723c751e8b465ee728b)
Start importing Assets/Viuletti City low poly/Materials/Buildings/Office ground.mat using Guid(2a237edd1fabd94418dd63faaab45695) Importer(815301076,1909f56bfc062723c751e8b465ee728b)  -> (artifact id: '5d4ac11fc696ec047138920174ebfc67') in 0.011439 seconds
Number of updated asset objects reloaded before import = 0
Number of asset objects unloaded after import = 1
========================================================================
Received Import Request.
  Time since last request: 0.000017 seconds.
  path: Assets/Viuletti City low poly/Materials/Buildings/Building door glass.mat
  artifactKey: Guid(837c45daf7cf49b498ffde6df4625050) Importer(815301076,1909f56bfc062723c751e8b465ee728b)
Start importing Assets/Viuletti City low poly/Materials/Buildings/Building door glass.mat using Guid(837c45daf7cf49b498ffde6df4625050) Importer(815301076,1909f56bfc062723c751e8b465ee728b)  -> (artifact id: '517e17ad25d7235ce74cefab3b6ab11e') in 0.012682 seconds
Number of updated asset objects reloaded before import = 0
Number of asset objects unloaded after import = 1
========================================================================
Received Import Request.
  Time since last request: 0.000014 seconds.
  path: Assets/Viuletti City low poly/Materials/Buildings/Building roof light gray.mat
  artifactKey: Guid(e280d807a3d29754390676c7df1f5162) Importer(815301076,1909f56bfc062723c751e8b465ee728b)
Start importing Assets/Viuletti City low poly/Materials/Buildings/Building roof light gray.mat using Guid(e280d807a3d29754390676c7df1f5162) Importer(815301076,1909f56bfc062723c751e8b465ee728b)  -> (artifact id: '47e23e1827c4c06332e8ce2027b14d4a') in 0.010583 seconds
Number of updated asset objects reloaded before import = 0
Number of asset objects unloaded after import = 1
========================================================================
Received Import Request.
  Time since last request: 0.000016 seconds.
  path: Assets/Viuletti City low poly/Models/Nature/Rock pile.fbx
  artifactKey: Guid(e55b12c1f5fa920428d5ef4036abdb60) Importer(815301076,1909f56bfc062723c751e8b465ee728b)
Start importing Assets/Viuletti City low poly/Models/Nature/Rock pile.fbx using Guid(e55b12c1f5fa920428d5ef4036abdb60) Importer(815301076,1909f56bfc062723c751e8b465ee728b)  -> (artifact id: 'b263d5b2616ac58a2c72b2d18494bc4a') in 0.038906 seconds
Number of updated asset objects reloaded before import = 0
Number of asset objects unloaded after import = 9
========================================================================
Received Import Request.
  Time since last request: 0.000016 seconds.
  path: Assets/Viuletti City low poly/Models/Nature/Rock big.fbx
  artifactKey: Guid(abd1a9bd4eaa3c74fbffe1db3d4ab74a) Importer(815301076,1909f56bfc062723c751e8b465ee728b)
Start importing Assets/Viuletti City low poly/Models/Nature/Rock big.fbx using Guid(abd1a9bd4eaa3c74fbffe1db3d4ab74a) Importer(815301076,1909f56bfc062723c751e8b465ee728b)  -> (artifact id: '0b536eb0725d720892c5181c00c83d88') in 0.023769 seconds
Number of updated asset objects reloaded before import = 0
Number of asset objects unloaded after import = 9
========================================================================
Received Import Request.
  Time since last request: 0.000021 seconds.
  path: Assets/Viuletti City low poly/Materials/Buildings/Shop roof.mat
  artifactKey: Guid(55c15f30ceffd844880d37f4760d130c) Importer(815301076,1909f56bfc062723c751e8b465ee728b)
Start importing Assets/Viuletti City low poly/Materials/Buildings/Shop roof.mat using Guid(55c15f30ceffd844880d37f4760d130c) Importer(815301076,1909f56bfc062723c751e8b465ee728b)  -> (artifact id: '823b29097ee4e7ca3608eac72e0f7396') in 0.012628 seconds
Number of updated asset objects reloaded before import = 0
Number of asset objects unloaded after import = 1
========================================================================
Received Import Request.
  Time since last request: 0.000018 seconds.
  path: Assets/Viuletti City low poly/Materials/Buildings/Bank entrance.mat
  artifactKey: Guid(5f595ecc7ae38454088e05323cad3529) Importer(815301076,1909f56bfc062723c751e8b465ee728b)
Start importing Assets/Viuletti City low poly/Materials/Buildings/Bank entrance.mat using Guid(5f595ecc7ae38454088e05323cad3529) Importer(815301076,1909f56bfc062723c751e8b465ee728b)  -> (artifact id: '782bf5a08c72c52e02603c3fbea87862') in 0.011821 seconds
Number of updated asset objects reloaded before import = 0
Number of asset objects unloaded after import = 1
========================================================================
Received Import Request.
  Time since last request: 0.000017 seconds.
  path: Assets/Viuletti City low poly/Models/Buildings/Shop.fbx
  artifactKey: Guid(b53f68fe839b7af4b9e50bdc68a2e20a) Importer(815301076,1909f56bfc062723c751e8b465ee728b)
Start importing Assets/Viuletti City low poly/Models/Buildings/Shop.fbx using Guid(b53f68fe839b7af4b9e50bdc68a2e20a) Importer(815301076,1909f56bfc062723c751e8b465ee728b)  -> (artifact id: 'b59a8c5de4706f7db180ab27f4a79bba') in 0.046752 seconds
Number of updated asset objects reloaded before import = 0
Number of asset objects unloaded after import = 15
========================================================================
Received Import Request.
  Time since last request: 0.000018 seconds.
  path: Assets/Viuletti City low poly/Materials/Nature/Rock dark.mat
  artifactKey: Guid(1326e2041857e4d468f99f4ee0aad564) Importer(815301076,1909f56bfc062723c751e8b465ee728b)
Start importing Assets/Viuletti City low poly/Materials/Nature/Rock dark.mat using Guid(1326e2041857e4d468f99f4ee0aad564) Importer(815301076,1909f56bfc062723c751e8b465ee728b)  -> (artifact id: '1ae22ad01286a0275391a36427da9745') in 0.012528 seconds
Number of updated asset objects reloaded before import = 0
Number of asset objects unloaded after import = 1
========================================================================
Received Import Request.
  Time since last request: 0.000018 seconds.
  path: Assets/Viuletti City low poly/Materials/Buildings/Outside storage fence.mat
  artifactKey: Guid(212c6e57be57d974f849e03dc0a4fecb) Importer(815301076,1909f56bfc062723c751e8b465ee728b)
Start importing Assets/Viuletti City low poly/Materials/Buildings/Outside storage fence.mat using Guid(212c6e57be57d974f849e03dc0a4fecb) Importer(815301076,1909f56bfc062723c751e8b465ee728b)  -> (artifact id: '5713de7c346a94b711a9204b8558a9fc') in 0.014113 seconds
Number of updated asset objects reloaded before import = 0
Number of asset objects unloaded after import = 1
========================================================================
Received Import Request.
  Time since last request: 0.000021 seconds.
  path: Assets/Viuletti City low poly/Materials/Nature/Ground light green.mat
  artifactKey: Guid(5c30023afe1a05e4d8bc89eed9b64784) Importer(815301076,1909f56bfc062723c751e8b465ee728b)
Start importing Assets/Viuletti City low poly/Materials/Nature/Ground light green.mat using Guid(5c30023afe1a05e4d8bc89eed9b64784) Importer(815301076,1909f56bfc062723c751e8b465ee728b)  -> (artifact id: '0c8d32cf803bf6b8460fca87fd56e58b') in 0.010431 seconds
Number of updated asset objects reloaded before import = 0
Number of asset objects unloaded after import = 1
========================================================================
Received Import Request.
  Time since last request: 0.000022 seconds.
  path: Assets/Viuletti City low poly/Models/Nature/Tree pine.fbx
  artifactKey: Guid(16a6d96f073f0f941b9ce55635b4ffb6) Importer(815301076,1909f56bfc062723c751e8b465ee728b)
Start importing Assets/Viuletti City low poly/Models/Nature/Tree pine.fbx using Guid(16a6d96f073f0f941b9ce55635b4ffb6) Importer(815301076,1909f56bfc062723c751e8b465ee728b)  -> (artifact id: '1a61148676deefcf2fc802b3d9b4bef2') in 0.022967 seconds
Number of updated asset objects reloaded before import = 0
Number of asset objects unloaded after import = 9
========================================================================
Received Import Request.
  Time since last request: 0.000015 seconds.
  path: Assets/Viuletti City low poly/Materials/Buildings/Small building door.mat
  artifactKey: Guid(29ffeef0124dc8f4996750f007bc8ff9) Importer(815301076,1909f56bfc062723c751e8b465ee728b)
Start importing Assets/Viuletti City low poly/Materials/Buildings/Small building door.mat using Guid(29ffeef0124dc8f4996750f007bc8ff9) Importer(815301076,1909f56bfc062723c751e8b465ee728b)  -> (artifact id: '75ae15b7722b283ccc3abaa2674d637e') in 0.011483 seconds
Number of updated asset objects reloaded before import = 0
Number of asset objects unloaded after import = 1
========================================================================
Received Import Request.
  Time since last request: 0.000017 seconds.
  path: Assets/Viuletti City low poly/Materials/Buildings/Store window.mat
  artifactKey: Guid(c2d69de0bbd4e4946a11d73a711b0d47) Importer(815301076,1909f56bfc062723c751e8b465ee728b)
Start importing Assets/Viuletti City low poly/Materials/Buildings/Store window.mat using Guid(c2d69de0bbd4e4946a11d73a711b0d47) Importer(815301076,1909f56bfc062723c751e8b465ee728b)  -> (artifact id: '419f34f335d20171e21278aef09ef6ee') in 0.011989 seconds
Number of updated asset objects reloaded before import = 0
Number of asset objects unloaded after import = 1
========================================================================
Received Import Request.
  Time since last request: 0.000016 seconds.
  path: Assets/Viuletti City low poly/Models/Buildings/High Office Building.fbx
  artifactKey: Guid(92cc875d3c4fd304b91000f1d0550900) Importer(815301076,1909f56bfc062723c751e8b465ee728b)
Start importing Assets/Viuletti City low poly/Models/Buildings/High Office Building.fbx using Guid(92cc875d3c4fd304b91000f1d0550900) Importer(815301076,1909f56bfc062723c751e8b465ee728b)  -> (artifact id: '9b0d4247be34a24887b19d602c53b0d3') in 0.031606 seconds
Number of updated asset objects reloaded before import = 0
Number of asset objects unloaded after import = 11
========================================================================
Received Import Request.
  Time since last request: 0.000077 seconds.
  path: Assets/Viuletti City low poly/Materials/Buildings/Shop shade even.mat
  artifactKey: Guid(bf10943c92dd95a4f94d18f19a8359bb) Importer(815301076,1909f56bfc062723c751e8b465ee728b)
Start importing Assets/Viuletti City low poly/Materials/Buildings/Shop shade even.mat using Guid(bf10943c92dd95a4f94d18f19a8359bb) Importer(815301076,1909f56bfc062723c751e8b465ee728b)  -> (artifact id: '7098751853dd392c4447f3ef003711e0') in 0.012011 seconds
Number of updated asset objects reloaded before import = 0
Number of asset objects unloaded after import = 1
========================================================================
Received Import Request.
  Time since last request: 0.000014 seconds.
  path: Assets/Viuletti City low poly/Materials/Buildings/Round building pole.mat
  artifactKey: Guid(28cc327590aac884cbaecc7c977e6c93) Importer(815301076,1909f56bfc062723c751e8b465ee728b)
Start importing Assets/Viuletti City low poly/Materials/Buildings/Round building pole.mat using Guid(28cc327590aac884cbaecc7c977e6c93) Importer(815301076,1909f56bfc062723c751e8b465ee728b)  -> (artifact id: '09d9752827c879890b6ff5cf90f99e88') in 0.012481 seconds
Number of updated asset objects reloaded before import = 0
Number of asset objects unloaded after import = 1
========================================================================
Received Import Request.
  Time since last request: 0.000039 seconds.
  path: Assets/Viuletti City low poly/Materials/Buildings/Round building windows.mat
  artifactKey: Guid(0e62e5a0a0122dc488698722d05f4332) Importer(815301076,1909f56bfc062723c751e8b465ee728b)
Start importing Assets/Viuletti City low poly/Materials/Buildings/Round building windows.mat using Guid(0e62e5a0a0122dc488698722d05f4332) Importer(815301076,1909f56bfc062723c751e8b465ee728b)  -> (artifact id: '5ac581c4ac984ee49d629b7fdee9d081') in 0.012829 seconds
Number of updated asset objects reloaded before import = 0
Number of asset objects unloaded after import = 1
========================================================================
Received Import Request.
  Time since last request: 0.000017 seconds.
  path: Assets/Viuletti City low poly/Materials/Buildings/High building barrier.mat
  artifactKey: Guid(6f3016bb254c90748b4da83191b8a7aa) Importer(815301076,1909f56bfc062723c751e8b465ee728b)
Start importing Assets/Viuletti City low poly/Materials/Buildings/High building barrier.mat using Guid(6f3016bb254c90748b4da83191b8a7aa) Importer(815301076,1909f56bfc062723c751e8b465ee728b)  -> (artifact id: '9affa927ce6920269608d42b83c3d5a6') in 0.011590 seconds
Number of updated asset objects reloaded before import = 0
Number of asset objects unloaded after import = 1
========================================================================
Received Import Request.
  Time since last request: 0.000017 seconds.
  path: Assets/Viuletti City low poly/Materials/Buildings/Glass building vent.mat
  artifactKey: Guid(9cb7cccef13d01940ae7097fb28cc769) Importer(815301076,1909f56bfc062723c751e8b465ee728b)
Start importing Assets/Viuletti City low poly/Materials/Buildings/Glass building vent.mat using Guid(9cb7cccef13d01940ae7097fb28cc769) Importer(815301076,1909f56bfc062723c751e8b465ee728b)  -> (artifact id: '85d765c74dac3f0c5e2475d9040a99a2') in 0.012387 seconds
Number of updated asset objects reloaded before import = 0
Number of asset objects unloaded after import = 1
========================================================================
Received Import Request.
  Time since last request: 0.000019 seconds.
  path: Assets/Viuletti City low poly/Materials/Buildings/Store door.mat
  artifactKey: Guid(007ef602003244e47bc0e33a1b7ee461) Importer(815301076,1909f56bfc062723c751e8b465ee728b)
Start importing Assets/Viuletti City low poly/Materials/Buildings/Store door.mat using Guid(007ef602003244e47bc0e33a1b7ee461) Importer(815301076,1909f56bfc062723c751e8b465ee728b)  -> (artifact id: 'c2a775705d9c126ae3d2312f2068742a') in 0.011635 seconds
Number of updated asset objects reloaded before import = 0
Number of asset objects unloaded after import = 1
========================================================================
Received Import Request.
  Time since last request: 0.000015 seconds.
  path: Assets/Viuletti City low poly/Materials/Buildings/Store roof.mat
  artifactKey: Guid(ed2ad2438e5cbc347848cf0ef4912a03) Importer(815301076,1909f56bfc062723c751e8b465ee728b)
Start importing Assets/Viuletti City low poly/Materials/Buildings/Store roof.mat using Guid(ed2ad2438e5cbc347848cf0ef4912a03) Importer(815301076,1909f56bfc062723c751e8b465ee728b)  -> (artifact id: '8cdc4f6c89cad31c3fe572dd4bc3744b') in 0.012924 seconds
Number of updated asset objects reloaded before import = 0
Number of asset objects unloaded after import = 1
========================================================================
Received Import Request.
  Time since last request: 0.000015 seconds.
  path: Assets/Viuletti City low poly/Materials/Nature/Leaf light green.mat
  artifactKey: Guid(aa188c5b8c117b943a3c8b99673b7393) Importer(815301076,1909f56bfc062723c751e8b465ee728b)
Start importing Assets/Viuletti City low poly/Materials/Nature/Leaf light green.mat using Guid(aa188c5b8c117b943a3c8b99673b7393) Importer(815301076,1909f56bfc062723c751e8b465ee728b)  -> (artifact id: '25c73a493f63fb8362aa1ca59e343508') in 0.011666 seconds
Number of updated asset objects reloaded before import = 0
Number of asset objects unloaded after import = 1
========================================================================
Received Import Request.
  Time since last request: 0.000016 seconds.
  path: Assets/Viuletti City low poly/Materials/Nature/Bark.mat
  artifactKey: Guid(b26686213c1ca8545a18877de3eb6418) Importer(815301076,1909f56bfc062723c751e8b465ee728b)
Start importing Assets/Viuletti City low poly/Materials/Nature/Bark.mat using Guid(b26686213c1ca8545a18877de3eb6418) Importer(815301076,1909f56bfc062723c751e8b465ee728b)  -> (artifact id: '9910c4b8626e453094cd1ba477b8b499') in 0.012371 seconds
Number of updated asset objects reloaded before import = 0
Number of asset objects unloaded after import = 1
========================================================================
Received Import Request.
  Time since last request: 0.000019 seconds.
  path: Assets/Viuletti City low poly/Materials/Buildings/Building window.mat
  artifactKey: Guid(6004702f4b9d57740a8497e42f6a59bc) Importer(815301076,1909f56bfc062723c751e8b465ee728b)
Start importing Assets/Viuletti City low poly/Materials/Buildings/Building window.mat using Guid(6004702f4b9d57740a8497e42f6a59bc) Importer(815301076,1909f56bfc062723c751e8b465ee728b)  -> (artifact id: 'c543c7a0b5b7bc71df314b269dc18f2c') in 0.011205 seconds
Number of updated asset objects reloaded before import = 0
Number of asset objects unloaded after import = 1
========================================================================
Received Import Request.
  Time since last request: 0.000020 seconds.
  path: Assets/Viuletti City low poly/Materials/Buildings/Bank door window.mat
  artifactKey: Guid(873d609700a84254cb65eced132810c3) Importer(815301076,1909f56bfc062723c751e8b465ee728b)
Start importing Assets/Viuletti City low poly/Materials/Buildings/Bank door window.mat using Guid(873d609700a84254cb65eced132810c3) Importer(815301076,1909f56bfc062723c751e8b465ee728b)  -> (artifact id: '7c87d1058e5c550e02be2e855d4a4c04') in 0.012682 seconds
Number of updated asset objects reloaded before import = 0
Number of asset objects unloaded after import = 1
========================================================================
Received Import Request.
  Time since last request: 0.000023 seconds.
  path: Assets/Viuletti City low poly/Materials/Buildings/Office door frame.mat
  artifactKey: Guid(84714b703910d314fa03094af93c9bbe) Importer(815301076,1909f56bfc062723c751e8b465ee728b)
Start importing Assets/Viuletti City low poly/Materials/Buildings/Office door frame.mat using Guid(84714b703910d314fa03094af93c9bbe) Importer(815301076,1909f56bfc062723c751e8b465ee728b)  -> (artifact id: '3e68a67aade8b66879b6bd5a49ef2020') in 0.011603 seconds
Number of updated asset objects reloaded before import = 0
Number of asset objects unloaded after import = 1
========================================================================
Received Import Request.
  Time since last request: 0.000017 seconds.
  path: Assets/Viuletti City low poly/Materials/Nature/Lane.mat
  artifactKey: Guid(452d068bd8c5c614a8e539fc55adbc6d) Importer(815301076,1909f56bfc062723c751e8b465ee728b)
Start importing Assets/Viuletti City low poly/Materials/Nature/Lane.mat using Guid(452d068bd8c5c614a8e539fc55adbc6d) Importer(815301076,1909f56bfc062723c751e8b465ee728b)  -> (artifact id: 'c8f96380e7ac3cba5a5b87e5a6fc379b') in 0.013748 seconds
Number of updated asset objects reloaded before import = 0
Number of asset objects unloaded after import = 1
========================================================================
Received Import Request.
  Time since last request: 0.000015 seconds.
  path: Assets/Viuletti City low poly/Materials/Buildings/Warehouse bottom.mat
  artifactKey: Guid(d757cfe8880611045b077eb9085ff6a5) Importer(815301076,1909f56bfc062723c751e8b465ee728b)
Start importing Assets/Viuletti City low poly/Materials/Buildings/Warehouse bottom.mat using Guid(d757cfe8880611045b077eb9085ff6a5) Importer(815301076,1909f56bfc062723c751e8b465ee728b)  -> (artifact id: 'd1ffc9b913353c8c42c2f98d263ab971') in 0.013212 seconds
Number of updated asset objects reloaded before import = 0
Number of asset objects unloaded after import = 1
========================================================================
Received Import Request.
  Time since last request: 0.000017 seconds.
  path: Assets/Viuletti City low poly/Materials/Buildings/Bank ground.mat
  artifactKey: Guid(509a76f7d4d578a408f68da5481092b4) Importer(815301076,1909f56bfc062723c751e8b465ee728b)
Start importing Assets/Viuletti City low poly/Materials/Buildings/Bank ground.mat using Guid(509a76f7d4d578a408f68da5481092b4) Importer(815301076,1909f56bfc062723c751e8b465ee728b)  -> (artifact id: '633fcd883480ee5c31d7f56b6727bf15') in 0.011489 seconds
Number of updated asset objects reloaded before import = 0
Number of asset objects unloaded after import = 1
========================================================================
Received Import Request.
  Time since last request: 0.000017 seconds.
  path: Assets/Viuletti City low poly/Materials/Buildings/Glass building window.mat
  artifactKey: Guid(e78157cabe10cb9428baa43f1037fc7e) Importer(815301076,1909f56bfc062723c751e8b465ee728b)
Start importing Assets/Viuletti City low poly/Materials/Buildings/Glass building window.mat using Guid(e78157cabe10cb9428baa43f1037fc7e) Importer(815301076,1909f56bfc062723c751e8b465ee728b)  -> (artifact id: '093a3d9074a56c19e5c93a2977b15d45') in 0.010426 seconds
Number of updated asset objects reloaded before import = 0
Number of asset objects unloaded after import = 1
========================================================================
Received Import Request.
  Time since last request: 0.000017 seconds.
  path: Assets/Viuletti City low poly/Materials/Buildings/Store bush.mat
  artifactKey: Guid(8ce91b4140afa5b49af9075c348458c4) Importer(815301076,1909f56bfc062723c751e8b465ee728b)
Start importing Assets/Viuletti City low poly/Materials/Buildings/Store bush.mat using Guid(8ce91b4140afa5b49af9075c348458c4) Importer(815301076,1909f56bfc062723c751e8b465ee728b)  -> (artifact id: 'acba03f266e7fe3933fa435ac281f6c1') in 0.012844 seconds
Number of updated asset objects reloaded before import = 0
Number of asset objects unloaded after import = 1
========================================================================
Received Import Request.
  Time since last request: 0.000018 seconds.
  path: Assets/Viuletti City low poly/Models/Buildings/Warehouse.fbx
  artifactKey: Guid(72cf21009c6fa5143a0d773dd368c3f9) Importer(815301076,1909f56bfc062723c751e8b465ee728b)
Start importing Assets/Viuletti City low poly/Models/Buildings/Warehouse.fbx using Guid(72cf21009c6fa5143a0d773dd368c3f9) Importer(815301076,1909f56bfc062723c751e8b465ee728b)  -> (artifact id: 'a6981a3da24ef009d9890f53ac1542f8') in 0.034481 seconds
Number of updated asset objects reloaded before import = 0
Number of asset objects unloaded after import = 12
========================================================================
Received Import Request.
  Time since last request: 0.000018 seconds.
  path: Assets/Viuletti City low poly/Materials/Buildings/Bank roof.mat
  artifactKey: Guid(1ce654312ea950c4a9ac8d9144a96d18) Importer(815301076,1909f56bfc062723c751e8b465ee728b)
Start importing Assets/Viuletti City low poly/Materials/Buildings/Bank roof.mat using Guid(1ce654312ea950c4a9ac8d9144a96d18) Importer(815301076,1909f56bfc062723c751e8b465ee728b)  -> (artifact id: '8c3543efb7be5443291538ff49368f7d') in 0.011968 seconds
Number of updated asset objects reloaded before import = 0
Number of asset objects unloaded after import = 1
========================================================================
Received Import Request.
  Time since last request: 0.000029 seconds.
  path: Assets/Viuletti City low poly/Models/Nature/Tree spruce.fbx
  artifactKey: Guid(5c5023da2230da744b2c569c2459af8b) Importer(815301076,1909f56bfc062723c751e8b465ee728b)
Start importing Assets/Viuletti City low poly/Models/Nature/Tree spruce.fbx using Guid(5c5023da2230da744b2c569c2459af8b) Importer(815301076,1909f56bfc062723c751e8b465ee728b)  -> (artifact id: 'a7db2fedf6b3f2fc47affef9bee26905') in 0.018847 seconds
Number of updated asset objects reloaded before import = 0
Number of asset objects unloaded after import = 8
========================================================================
Received Import Request.
  Time since last request: 0.000021 seconds.
  path: Assets/Viuletti City low poly/Materials/Buildings/High building wall.mat
  artifactKey: Guid(4dd0113fe499f4a4eb8536f8104fe64b) Importer(815301076,1909f56bfc062723c751e8b465ee728b)
Start importing Assets/Viuletti City low poly/Materials/Buildings/High building wall.mat using Guid(4dd0113fe499f4a4eb8536f8104fe64b) Importer(815301076,1909f56bfc062723c751e8b465ee728b)  -> (artifact id: 'ef181395adcbe59e864384eeb71e316b') in 0.012159 seconds
Number of updated asset objects reloaded before import = 0
Number of asset objects unloaded after import = 1
========================================================================
Received Import Request.
  Time since last request: 0.000021 seconds.
  path: Assets/Viuletti City low poly/Materials/Buildings/Bank door frame.mat
  artifactKey: Guid(691d1ebaf32bb21449830abb88248ea2) Importer(815301076,1909f56bfc062723c751e8b465ee728b)
Start importing Assets/Viuletti City low poly/Materials/Buildings/Bank door frame.mat using Guid(691d1ebaf32bb21449830abb88248ea2) Importer(815301076,1909f56bfc062723c751e8b465ee728b)  -> (artifact id: '1cbbc4a9ad16a580898cf8faa77a0ae9') in 0.012107 seconds
Number of updated asset objects reloaded before import = 0
Number of asset objects unloaded after import = 1
========================================================================
Received Import Request.
  Time since last request: 0.000016 seconds.
  path: Assets/Viuletti City low poly/Materials/Buildings/Office walls.mat
  artifactKey: Guid(b66ccb538fc522d4b9bfecafbb6d8611) Importer(815301076,1909f56bfc062723c751e8b465ee728b)
Start importing Assets/Viuletti City low poly/Materials/Buildings/Office walls.mat using Guid(b66ccb538fc522d4b9bfecafbb6d8611) Importer(815301076,1909f56bfc062723c751e8b465ee728b)  -> (artifact id: '9c339d9f5da429aeca0746139ec2a316') in 0.011962 seconds
Number of updated asset objects reloaded before import = 0
Number of asset objects unloaded after import = 1
========================================================================
Received Import Request.
  Time since last request: 0.000018 seconds.
  path: Assets/Viuletti City low poly/Materials/Buildings/Round building walls.mat
  artifactKey: Guid(07d06827ecad62f4596a530e915bb77f) Importer(815301076,1909f56bfc062723c751e8b465ee728b)
Start importing Assets/Viuletti City low poly/Materials/Buildings/Round building walls.mat using Guid(07d06827ecad62f4596a530e915bb77f) Importer(815301076,1909f56bfc062723c751e8b465ee728b)  -> (artifact id: '1ab181cd1211ff00bfdc14487926dd48') in 0.011269 seconds
Number of updated asset objects reloaded before import = 0
Number of asset objects unloaded after import = 1
========================================================================
Received Import Request.
  Time since last request: 0.000018 seconds.
  path: Assets/Viuletti City low poly/Materials/Buildings/Round building roof.mat
  artifactKey: Guid(94968e91e3c08904f8bda552f38483d4) Importer(815301076,1909f56bfc062723c751e8b465ee728b)
Start importing Assets/Viuletti City low poly/Materials/Buildings/Round building roof.mat using Guid(94968e91e3c08904f8bda552f38483d4) Importer(815301076,1909f56bfc062723c751e8b465ee728b)  -> (artifact id: '4a3df795cb1f3b9c9e93b1730c2622ea') in 0.012247 seconds
Number of updated asset objects reloaded before import = 0
Number of asset objects unloaded after import = 1
========================================================================
Received Import Request.
  Time since last request: 0.000107 seconds.
  path: Assets/Viuletti City low poly/Materials/Nature/Leaf green.mat
  artifactKey: Guid(e9250c679a3421f44adc7b7f41814d5d) Importer(815301076,1909f56bfc062723c751e8b465ee728b)
Start importing Assets/Viuletti City low poly/Materials/Nature/Leaf green.mat using Guid(e9250c679a3421f44adc7b7f41814d5d) Importer(815301076,1909f56bfc062723c751e8b465ee728b)  -> (artifact id: '1f2dd43d3741b206713e3490ab2ebc0b') in 0.011156 seconds
Number of updated asset objects reloaded before import = 0
Number of asset objects unloaded after import = 1
========================================================================
Received Import Request.
  Time since last request: 0.000017 seconds.
  path: Assets/Viuletti City low poly/Materials/Buildings/Aparment window frame.mat
  artifactKey: Guid(23bdfadfcd3a64f438c85dc90bbd1d00) Importer(815301076,1909f56bfc062723c751e8b465ee728b)
Start importing Assets/Viuletti City low poly/Materials/Buildings/Aparment window frame.mat using Guid(23bdfadfcd3a64f438c85dc90bbd1d00) Importer(815301076,1909f56bfc062723c751e8b465ee728b)  -> (artifact id: '2fa9abf1ab80352b47964386428fddaa') in 0.011300 seconds
Number of updated asset objects reloaded before import = 0
Number of asset objects unloaded after import = 1
========================================================================
Received Import Request.
  Time since last request: 0.000017 seconds.
  path: Assets/Viuletti City low poly/Materials/Buildings/Bank window frame.mat
  artifactKey: Guid(e0ef57ebf24bfb24e8897ba77be685c9) Importer(815301076,1909f56bfc062723c751e8b465ee728b)
Start importing Assets/Viuletti City low poly/Materials/Buildings/Bank window frame.mat using Guid(e0ef57ebf24bfb24e8897ba77be685c9) Importer(815301076,1909f56bfc062723c751e8b465ee728b)  -> (artifact id: 'cef0177bd6e4caf82457e2d324754ac9') in 0.011782 seconds
Number of updated asset objects reloaded before import = 0
Number of asset objects unloaded after import = 1
========================================================================
Received Import Request.
  Time since last request: 0.000014 seconds.
  path: Assets/Viuletti City low poly/Materials/Buildings/Small building main.mat
  artifactKey: Guid(1dbd8225575d8134abc3349343febce5) Importer(815301076,1909f56bfc062723c751e8b465ee728b)
Start importing Assets/Viuletti City low poly/Materials/Buildings/Small building main.mat using Guid(1dbd8225575d8134abc3349343febce5) Importer(815301076,1909f56bfc062723c751e8b465ee728b)  -> (artifact id: 'bc8aebad1cc7e0cbff89787789ff6876') in 0.011346 seconds
Number of updated asset objects reloaded before import = 0
Number of asset objects unloaded after import = 1
========================================================================
Received Import Request.
  Time since last request: 0.000016 seconds.
  path: Assets/Viuletti City low poly/Materials/Buildings/Outside storage container inner.mat
  artifactKey: Guid(15b91612635471f43bed04eec38e01ed) Importer(815301076,1909f56bfc062723c751e8b465ee728b)
Start importing Assets/Viuletti City low poly/Materials/Buildings/Outside storage container inner.mat using Guid(15b91612635471f43bed04eec38e01ed) Importer(815301076,1909f56bfc062723c751e8b465ee728b)  -> (artifact id: '87a8a69fec4a7919802b46b2458cf0ef') in 0.012666 seconds
Number of updated asset objects reloaded before import = 0
Number of asset objects unloaded after import = 1
========================================================================
Received Import Request.
  Time since last request: 0.000014 seconds.
  path: Assets/Viuletti City low poly/Materials/Nature/Ground light gray.mat
  artifactKey: Guid(3d19cbcf5bfb10a4984cf0b81ffdbba7) Importer(815301076,1909f56bfc062723c751e8b465ee728b)
Start importing Assets/Viuletti City low poly/Materials/Nature/Ground light gray.mat using Guid(3d19cbcf5bfb10a4984cf0b81ffdbba7) Importer(815301076,1909f56bfc062723c751e8b465ee728b)  -> (artifact id: 'd7930e1738fdd2e939b02db04be03bf1') in 0.010915 seconds
Number of updated asset objects reloaded before import = 0
Number of asset objects unloaded after import = 1
========================================================================
Received Import Request.
  Time since last request: 0.000019 seconds.
  path: Assets/Viuletti City low poly/Materials/Buildings/Building brown.mat
  artifactKey: Guid(a63d9d033a0ba4842ae27a24701e67ab) Importer(815301076,1909f56bfc062723c751e8b465ee728b)
Start importing Assets/Viuletti City low poly/Materials/Buildings/Building brown.mat using Guid(a63d9d033a0ba4842ae27a24701e67ab) Importer(815301076,1909f56bfc062723c751e8b465ee728b)  -> (artifact id: '2623e7b16e7d324adf0e753dd3176666') in 0.010905 seconds
Number of updated asset objects reloaded before import = 0
Number of asset objects unloaded after import = 1
========================================================================
Received Import Request.
  Time since last request: 0.000014 seconds.
  path: Assets/Viuletti City low poly/Materials/Buildings/Round building window frame.mat
  artifactKey: Guid(835ad8b4264432d438223eb1d62b7325) Importer(815301076,1909f56bfc062723c751e8b465ee728b)
Start importing Assets/Viuletti City low poly/Materials/Buildings/Round building window frame.mat using Guid(835ad8b4264432d438223eb1d62b7325) Importer(815301076,1909f56bfc062723c751e8b465ee728b)  -> (artifact id: '8413b5b86d5de51127ea22596104b702') in 0.012522 seconds
Number of updated asset objects reloaded before import = 0
Number of asset objects unloaded after import = 1
========================================================================
Received Import Request.
  Time since last request: 0.000016 seconds.
  path: Assets/Viuletti City low poly/Materials/Buildings/Store ground.mat
  artifactKey: Guid(8565b4765767eb04785d9d8fddc00b38) Importer(815301076,1909f56bfc062723c751e8b465ee728b)
Start importing Assets/Viuletti City low poly/Materials/Buildings/Store ground.mat using Guid(8565b4765767eb04785d9d8fddc00b38) Importer(815301076,1909f56bfc062723c751e8b465ee728b)  -> (artifact id: '44d2f532c228e2738c29de8494521f79') in 0.012135 seconds
Number of updated asset objects reloaded before import = 0
Number of asset objects unloaded after import = 1
========================================================================
Received Import Request.
  Time since last request: 0.000016 seconds.
  path: Assets/Viuletti City low poly/Materials/Buildings/High building window.mat
  artifactKey: Guid(f86bde6834a2d0641a6bf6e859606fcf) Importer(815301076,1909f56bfc062723c751e8b465ee728b)
Start importing Assets/Viuletti City low poly/Materials/Buildings/High building window.mat using Guid(f86bde6834a2d0641a6bf6e859606fcf) Importer(815301076,1909f56bfc062723c751e8b465ee728b)  -> (artifact id: '83fe361b564ec5b2ec1a29eda2f2187b') in 0.012126 seconds
Number of updated asset objects reloaded before import = 0
Number of asset objects unloaded after import = 1
========================================================================
Received Import Request.
  Time since last request: 0.000016 seconds.
  path: Assets/Viuletti City low poly/Models/Nature/Tree birch small.fbx
  artifactKey: Guid(92ac043a1281a934598bb7e311df7da3) Importer(815301076,1909f56bfc062723c751e8b465ee728b)
Start importing Assets/Viuletti City low poly/Models/Nature/Tree birch small.fbx using Guid(92ac043a1281a934598bb7e311df7da3) Importer(815301076,1909f56bfc062723c751e8b465ee728b)  -> (artifact id: 'a37260b9612f892eade2913a64ef21a1') in 0.024992 seconds
Number of updated asset objects reloaded before import = 0
Number of asset objects unloaded after import = 9
========================================================================
Received Import Request.
  Time since last request: 0.000014 seconds.
  path: Assets/Viuletti City low poly/Models/Nature/Empty ground.fbx
  artifactKey: Guid(45de768c225f1bb4f99b6dce8cd21d20) Importer(815301076,1909f56bfc062723c751e8b465ee728b)
Start importing Assets/Viuletti City low poly/Models/Nature/Empty ground.fbx using Guid(45de768c225f1bb4f99b6dce8cd21d20) Importer(815301076,1909f56bfc062723c751e8b465ee728b)  -> (artifact id: 'de0bdbfc0a9af557e7cd2d2477a3361e') in 0.021106 seconds
Number of updated asset objects reloaded before import = 0
Number of asset objects unloaded after import = 9
========================================================================
Received Import Request.
  Time since last request: 0.000024 seconds.
  path: Assets/Viuletti City low poly/Materials/Buildings/Warehouse top.mat
  artifactKey: Guid(b6a66af08cdd77f48b4e2aff209a7f4f) Importer(815301076,1909f56bfc062723c751e8b465ee728b)
Start importing Assets/Viuletti City low poly/Materials/Buildings/Warehouse top.mat using Guid(b6a66af08cdd77f48b4e2aff209a7f4f) Importer(815301076,1909f56bfc062723c751e8b465ee728b)  -> (artifact id: '18e89dd40041097ecd3e27fdbb52803c') in 0.009344 seconds
Number of updated asset objects reloaded before import = 0
Number of asset objects unloaded after import = 1
========================================================================
Received Import Request.
  Time since last request: 0.000017 seconds.
  path: Assets/Viuletti City low poly/Materials/Nature/Lane paint.mat
  artifactKey: Guid(c1dd030408e0dd34e884cbe1e97d80b8) Importer(815301076,1909f56bfc062723c751e8b465ee728b)
Start importing Assets/Viuletti City low poly/Materials/Nature/Lane paint.mat using Guid(c1dd030408e0dd34e884cbe1e97d80b8) Importer(815301076,1909f56bfc062723c751e8b465ee728b)  -> (artifact id: '13a971a4d2e94b354e07c1e49ece93c9') in 0.011491 seconds
Number of updated asset objects reloaded before import = 0
Number of asset objects unloaded after import = 1
========================================================================
Received Import Request.
  Time since last request: 0.000016 seconds.
  path: Assets/Viuletti City low poly/Models/Nature/Rock slide.fbx
  artifactKey: Guid(a12bcd63725cb7c4f99e98e0fd6d6c5c) Importer(815301076,1909f56bfc062723c751e8b465ee728b)
Start importing Assets/Viuletti City low poly/Models/Nature/Rock slide.fbx using Guid(a12bcd63725cb7c4f99e98e0fd6d6c5c) Importer(815301076,1909f56bfc062723c751e8b465ee728b)  -> (artifact id: 'a64b86fa5ff45fed2cd450f4a7194c7c') in 0.015072 seconds
Number of updated asset objects reloaded before import = 0
Number of asset objects unloaded after import = 9
========================================================================
Received Import Request.
  Time since last request: 0.000019 seconds.
  path: Assets/Viuletti City low poly/Models/Nature/Tree spruce 2.fbx
  artifactKey: Guid(8eb2a44768b3b0045889dc5017fdee61) Importer(815301076,1909f56bfc062723c751e8b465ee728b)
Start importing Assets/Viuletti City low poly/Models/Nature/Tree spruce 2.fbx using Guid(8eb2a44768b3b0045889dc5017fdee61) Importer(815301076,1909f56bfc062723c751e8b465ee728b)  -> (artifact id: 'a365c6760c16b534425b41f3f144f67d') in 0.021520 seconds
Number of updated asset objects reloaded before import = 0
Number of asset objects unloaded after import = 9
========================================================================
Received Import Request.
  Time since last request: 1.507579 seconds.
  path: Assets/Viuletti City low poly/Models/Roads/Height parking lot 15.fbx
  artifactKey: Guid(fef81c27bb18d2041aff0a567c11b1b7) Importer(815301076,1909f56bfc062723c751e8b465ee728b)
Start importing Assets/Viuletti City low poly/Models/Roads/Height parking lot 15.fbx using Guid(fef81c27bb18d2041aff0a567c11b1b7) Importer(815301076,1909f56bfc062723c751e8b465ee728b)  -> (artifact id: '34474c7f4a5cae0fc375601ca8a02f0f') in 0.021059 seconds
Number of updated asset objects reloaded before import = 0
Number of asset objects unloaded after import = 9
========================================================================
Received Import Request.
  Time since last request: 0.000014 seconds.
  path: Assets/Viuletti City low poly/Models/Roads/Height Road turn.fbx
  artifactKey: Guid(fe70c4b6f0e82334ab55dca6f225aac8) Importer(815301076,1909f56bfc062723c751e8b465ee728b)
Start importing Assets/Viuletti City low poly/Models/Roads/Height Road turn.fbx using Guid(fe70c4b6f0e82334ab55dca6f225aac8) Importer(815301076,1909f56bfc062723c751e8b465ee728b)  -> (artifact id: '6c1f45314347de87ff2fb35127ca24a3') in 0.019861 seconds
Number of updated asset objects reloaded before import = 0
Number of asset objects unloaded after import = 9
========================================================================
Received Import Request.
  Time since last request: 2.386019 seconds.
  path: Assets/Viuletti City low poly/Prefabs/Buildings/Glass building.prefab
  artifactKey: Guid(3959f9b79ac88ac4d8690e7e6c7e3ded) Importer(815301076,1909f56bfc062723c751e8b465ee728b)
Start importing Assets/Viuletti City low poly/Prefabs/Buildings/Glass building.prefab using Guid(3959f9b79ac88ac4d8690e7e6c7e3ded) Importer(815301076,1909f56bfc062723c751e8b465ee728b)  -> (artifact id: '375fe7369a962260d816cb26ef030ce3') in 0.022349 seconds
Number of updated asset objects reloaded before import = 0
Number of asset objects unloaded after import = 16
========================================================================
Received Import Request.
  Time since last request: 0.000013 seconds.
  path: Assets/Viuletti City low poly/Prefabs/Buildings/Warehouse.prefab
  artifactKey: Guid(cbb2baf7f26aed649a2393144227a562) Importer(815301076,1909f56bfc062723c751e8b465ee728b)
Start importing Assets/Viuletti City low poly/Prefabs/Buildings/Warehouse.prefab using Guid(cbb2baf7f26aed649a2393144227a562) Importer(815301076,1909f56bfc062723c751e8b465ee728b)  -> (artifact id: 'fdeca370b21756bd336ad4db444f3770') in 0.020798 seconds
Number of updated asset objects reloaded before import = 0
Number of asset objects unloaded after import = 13
========================================================================
Received Import Request.
  Time since last request: 0.000018 seconds.
  path: Assets/Viuletti City low poly/Prefabs/Buildings/High office.prefab
  artifactKey: Guid(030c083b63658d2409864330589d7c2e) Importer(815301076,1909f56bfc062723c751e8b465ee728b)
Start importing Assets/Viuletti City low poly/Prefabs/Buildings/High office.prefab using Guid(030c083b63658d2409864330589d7c2e) Importer(815301076,1909f56bfc062723c751e8b465ee728b)  -> (artifact id: '24107c1a1de2bbe6aa267ebdea1b2dba') in 0.012795 seconds
Number of updated asset objects reloaded before import = 0
Number of asset objects unloaded after import = 13
========================================================================
Received Import Request.
  Time since last request: 0.000026 seconds.
  path: Assets/Viuletti City low poly/Prefabs/Buildings/Shop.prefab
  artifactKey: Guid(2909343e8fc65984b82bff9fab8cf5d1) Importer(815301076,1909f56bfc062723c751e8b465ee728b)
Start importing Assets/Viuletti City low poly/Prefabs/Buildings/Shop.prefab using Guid(2909343e8fc65984b82bff9fab8cf5d1) Importer(815301076,1909f56bfc062723c751e8b465ee728b)  -> (artifact id: 'f7ca9ba9ba3c40374bb2034394a64abd') in 0.013288 seconds
Number of updated asset objects reloaded before import = 0
Number of asset objects unloaded after import = 17
========================================================================
Received Import Request.
  Time since last request: 0.000015 seconds.
  path: Assets/Viuletti City low poly/Prefabs/Buildings/Warehouse long.prefab
  artifactKey: Guid(de4ee8b58db0a0f4d96175ffd1f29120) Importer(815301076,1909f56bfc062723c751e8b465ee728b)
Start importing Assets/Viuletti City low poly/Prefabs/Buildings/Warehouse long.prefab using Guid(de4ee8b58db0a0f4d96175ffd1f29120) Importer(815301076,1909f56bfc062723c751e8b465ee728b)  -> (artifact id: '5c2e2244045f94222d822211329a2fac') in 0.011663 seconds
Number of updated asset objects reloaded before import = 0
Number of asset objects unloaded after import = 13
========================================================================
Received Import Request.
  Time since last request: 0.359354 seconds.
  path: Assets/Viuletti City low poly/Prefabs/Nature/Empty grass.prefab
  artifactKey: Guid(794931ad8054d8f4485bc161f83a2a14) Importer(815301076,1909f56bfc062723c751e8b465ee728b)
Start importing Assets/Viuletti City low poly/Prefabs/Nature/Empty grass.prefab using Guid(794931ad8054d8f4485bc161f83a2a14) Importer(815301076,1909f56bfc062723c751e8b465ee728b)  -> (artifact id: 'aec45053344926477462b0c83a9ba4aa') in 0.020877 seconds
Number of updated asset objects reloaded before import = 0
Number of asset objects unloaded after import = 11
========================================================================
Received Import Request.
  Time since last request: 0.000016 seconds.
  path: Assets/Viuletti City low poly/Prefabs/Nature/Rock pile.prefab
  artifactKey: Guid(065c40f06bd242743ae13b1454ab5d48) Importer(815301076,1909f56bfc062723c751e8b465ee728b)
Start importing Assets/Viuletti City low poly/Prefabs/Nature/Rock pile.prefab using Guid(065c40f06bd242743ae13b1454ab5d48) Importer(815301076,1909f56bfc062723c751e8b465ee728b)  -> (artifact id: '2ee6668ab636cd55c9bcca56541e3986') in 0.011336 seconds
Number of updated asset objects reloaded before import = 0
Number of asset objects unloaded after import = 11
========================================================================
Received Import Request.
  Time since last request: 0.000024 seconds.
  path: Assets/Viuletti City low poly/Prefabs/Nature/Oak.prefab
  artifactKey: Guid(7d227c3a7fa9cf54a8d07c8a5e34b64a) Importer(815301076,1909f56bfc062723c751e8b465ee728b)
Start importing Assets/Viuletti City low poly/Prefabs/Nature/Oak.prefab using Guid(7d227c3a7fa9cf54a8d07c8a5e34b64a) Importer(815301076,1909f56bfc062723c751e8b465ee728b)  -> (artifact id: '336b99ba2165781dc98ab6f0f26faaf8') in 0.012285 seconds
Number of updated asset objects reloaded before import = 0
Number of asset objects unloaded after import = 11
========================================================================
Received Import Request.
  Time since last request: 0.000017 seconds.
  path: Assets/Viuletti City low poly/Prefabs/Nature/Pond.prefab
  artifactKey: Guid(7acb114597f086c42abbcf30f06c4686) Importer(815301076,1909f56bfc062723c751e8b465ee728b)
Start importing Assets/Viuletti City low poly/Prefabs/Nature/Pond.prefab using Guid(7acb114597f086c42abbcf30f06c4686) Importer(815301076,1909f56bfc062723c751e8b465ee728b)  -> (artifact id: '24edf498b21559a171e43d84e159933c') in 0.010664 seconds
Number of updated asset objects reloaded before import = 0
Number of asset objects unloaded after import = 11
========================================================================
Received Import Request.
  Time since last request: 0.000015 seconds.
  path: Assets/Viuletti City low poly/Prefabs/Nature/Rock flat.prefab
  artifactKey: Guid(f6a7de34eda02fa4c8c69ce438f649a5) Importer(815301076,1909f56bfc062723c751e8b465ee728b)
Start importing Assets/Viuletti City low poly/Prefabs/Nature/Rock flat.prefab using Guid(f6a7de34eda02fa4c8c69ce438f649a5) Importer(815301076,1909f56bfc062723c751e8b465ee728b)  -> (artifact id: '25cabf4a6b97ae24abc07c795f193e82') in 0.011632 seconds
Number of updated asset objects reloaded before import = 0
Number of asset objects unloaded after import = 10
========================================================================
Received Import Request.
  Time since last request: 0.000020 seconds.
  path: Assets/Viuletti City low poly/Prefabs/Nature/Pine.prefab
  artifactKey: Guid(9ba64372b9e08374193a9865323748cd) Importer(815301076,1909f56bfc062723c751e8b465ee728b)
Start importing Assets/Viuletti City low poly/Prefabs/Nature/Pine.prefab using Guid(9ba64372b9e08374193a9865323748cd) Importer(815301076,1909f56bfc062723c751e8b465ee728b)  -> (artifact id: '204845f9a0f528b50469194ef7c1b8fa') in 0.012745 seconds
Number of updated asset objects reloaded before import = 0
Number of asset objects unloaded after import = 11
========================================================================
Received Import Request.
  Time since last request: 0.216922 seconds.
  path: Assets/Viuletti City low poly/Prefabs/Roads/Crossing.prefab
  artifactKey: Guid(45dcbc0d02a319949b685e7d70deacb4) Importer(815301076,1909f56bfc062723c751e8b465ee728b)
Start importing Assets/Viuletti City low poly/Prefabs/Roads/Crossing.prefab using Guid(45dcbc0d02a319949b685e7d70deacb4) Importer(815301076,1909f56bfc062723c751e8b465ee728b)  -> (artifact id: 'd43d457357f7ef2638e7ab7d167288e9') in 0.011250 seconds
Number of updated asset objects reloaded before import = 0
Number of asset objects unloaded after import = 11
========================================================================
Received Import Request.
  Time since last request: 0.000017 seconds.
  path: Assets/Viuletti City low poly/Prefabs/Roads/Parking lot 15.prefab
  artifactKey: Guid(d3563796ab2fa2d4ba462eb11916b77f) Importer(815301076,1909f56bfc062723c751e8b465ee728b)
Start importing Assets/Viuletti City low poly/Prefabs/Roads/Parking lot 15.prefab using Guid(d3563796ab2fa2d4ba462eb11916b77f) Importer(815301076,1909f56bfc062723c751e8b465ee728b)  -> (artifact id: '4c85eaf6c7a350830a815d6fc2b9b0f2') in 0.011543 seconds
Number of updated asset objects reloaded before import = 0
Number of asset objects unloaded after import = 11
========================================================================
Received Import Request.
  Time since last request: 0.000016 seconds.
  path: Assets/Viuletti City low poly/Prefabs/Roads/Straight.prefab
  artifactKey: Guid(c5504b94d4e32ac42943544a2748bd43) Importer(815301076,1909f56bfc062723c751e8b465ee728b)
Start importing Assets/Viuletti City low poly/Prefabs/Roads/Straight.prefab using Guid(c5504b94d4e32ac42943544a2748bd43) Importer(815301076,1909f56bfc062723c751e8b465ee728b)  -> (artifact id: '4c1419394da9208a7e15e487d0b96287') in 0.011295 seconds
Number of updated asset objects reloaded before import = 0
Number of asset objects unloaded after import = 11
========================================================================
Received Prepare
Begin MonoManager ReloadAssembly
- Loaded All Assemblies, in  0.350 seconds
Refreshing native plugins compatible for Editor in 3.73 ms, found 3 plugins.
Native extension for WindowsStandalone target not found
[Package Manager] Server::EnsureServerProcessIsRunning -- launch failed, reason: Unity was launched with the -noUpm command-line argument
[Package Manager] UpmClient::Send -- Unable to send message (not connected to UPM process).
[Package Manager] Cannot connect to Unity Package Manager local server
Mono: successfully reloaded assembly
- Finished resetting the current domain, in  0.813 seconds
Domain Reload Profiling: 1162ms
	BeginReloadAssembly (134ms)
		ExecutionOrderSort (0ms)
		DisableScriptedObjects (5ms)
		BackupInstance (0ms)
		ReleaseScriptingObjects (0ms)
		CreateAndSetChildDomain (35ms)
	RebuildCommonClasses (27ms)
	RebuildNativeTypeToScriptingClass (8ms)
	initialDomainReloadingComplete (24ms)
	LoadAllAssembliesAndSetupDomain (154ms)
		LoadAssemblies (209ms)
		RebuildTransferFunctionScriptingTraits (0ms)
		AnalyzeDomain (13ms)
			TypeCache.Refresh (6ms)
				TypeCache.ScanAssembly (0ms)
			ScanForSourceGeneratedMonoScriptInfo (0ms)
			ResolveRequiredComponents (6ms)
	FinalizeReload (814ms)
		ReleaseScriptCaches (0ms)
		RebuildScriptCaches (0ms)
		SetupLoadedEditorAssemblies (379ms)
			LogAssemblyErrors (0ms)
			InitializePlatformSupportModulesInManaged (5ms)
			SetLoadedEditorAssemblies (4ms)
			RefreshPlugins (0ms)
			BeforeProcessingInitializeOnLoad (51ms)
			ProcessInitializeOnLoadAttributes (291ms)
			ProcessInitializeOnLoadMethodAttributes (22ms)
			AfterProcessingInitializeOnLoad (6ms)
			EditorAssembliesLoaded (0ms)
		ExecutionOrderSort2 (0ms)
		AwakeInstancesAfterBackupRestoration (8ms)
Refreshing native plugins compatible for Editor in 3.59 ms, found 3 plugins.
Preloading 0 native plugins for Editor in 0.00 ms.
Unloading 3094 Unused Serialized files (Serialized files now loaded: 0)
Unloading 23 unused Assets / (31.2 KB). Loaded Objects now: 3612.
Memory consumption went from 127.2 MB to 127.2 MB.
Total: 3.160600 ms (FindLiveObjects: 0.366000 ms CreateObjectMapping: 0.110700 ms MarkObjects: 2.614500 ms  DeleteObjects: 0.068400 ms)

Prepare: number of updated asset objects reloaded= 0
AssetImportParameters requested are different than current active one (requested -> active):
  custom:container-demuxer-ogg: 62fdf1f143b41e24485cea50d1cbac27 -> 
  custom:video-decoder-ogg-theora: a1e56fd34408186e4bbccfd4996cb3dc -> 
  custom:framework-win-MediaFoundation: 216162199b28c13a410421893ffa2e32 -> 
  custom:CustomObjectIndexerAttribute: 9a22284fe3817be447336de3de66b15e -> 
  custom:container-demuxer-webm: 4f35f7cbe854078d1ac9338744f61a02 -> 
  custom:container-muxer-webm: aa71ff27fc2769a1b78a27578f13a17b -> 
  custom:video-decoder-webm-vp8: 9c59270c3fd7afecdb556c50c9e8de78 -> 
  custom:SearchIndexIgnoredProperties: e643bd26f0fe6173181afceb89e7c659 -> 
  custom:AudioImporter_EditorPlatform: d09bf68614088b80899f8185d706f6e7 -> 
  custom:video-encoder-webm-vp8: eb34c28f22e8b96e1ab97ce403110664 -> 
  custom:audio-decoder-ogg-vorbis: bf7c407c2cedff20999df2af8eb42d56 -> 
  custom:audio-encoder-webm-vorbis: bf7c407c2cedff20999df2af8eb42d56 -> 
========================================================================
Received Prepare
Begin MonoManager ReloadAssembly
- Loaded All Assemblies, in  0.353 seconds
Refreshing native plugins compatible for Editor in 2.52 ms, found 3 plugins.
Native extension for WindowsStandalone target not found
[Package Manager] Server::EnsureServerProcessIsRunning -- launch failed, reason: Unity was launched with the -noUpm command-line argument
[Package Manager] UpmClient::Send -- Unable to send message (not connected to UPM process).
[Package Manager] Cannot connect to Unity Package Manager local server
Mono: successfully reloaded assembly
- Finished resetting the current domain, in  0.794 seconds
Domain Reload Profiling: 1146ms
	BeginReloadAssembly (139ms)
		ExecutionOrderSort (0ms)
		DisableScriptedObjects (5ms)
		BackupInstance (0ms)
		ReleaseScriptingObjects (0ms)
		CreateAndSetChildDomain (31ms)
	RebuildCommonClasses (26ms)
	RebuildNativeTypeToScriptingClass (8ms)
	initialDomainReloadingComplete (28ms)
	LoadAllAssembliesAndSetupDomain (150ms)
		LoadAssemblies (215ms)
		RebuildTransferFunctionScriptingTraits (0ms)
		AnalyzeDomain (9ms)
			TypeCache.Refresh (4ms)
				TypeCache.ScanAssembly (0ms)
			ScanForSourceGeneratedMonoScriptInfo (0ms)
			ResolveRequiredComponents (4ms)
	FinalizeReload (795ms)
		ReleaseScriptCaches (0ms)
		RebuildScriptCaches (0ms)
		SetupLoadedEditorAssemblies (377ms)
			LogAssemblyErrors (0ms)
			InitializePlatformSupportModulesInManaged (5ms)
			SetLoadedEditorAssemblies (3ms)
			RefreshPlugins (0ms)
			BeforeProcessingInitializeOnLoad (49ms)
			ProcessInitializeOnLoadAttributes (292ms)
			ProcessInitializeOnLoadMethodAttributes (20ms)
			AfterProcessingInitializeOnLoad (8ms)
			EditorAssembliesLoaded (0ms)
		ExecutionOrderSort2 (0ms)
		AwakeInstancesAfterBackupRestoration (7ms)
Refreshing native plugins compatible for Editor in 2.95 ms, found 3 plugins.
Preloading 0 native plugins for Editor in 0.00 ms.
Unloading 3095 Unused Serialized files (Serialized files now loaded: 0)
Unloading 23 unused Assets / (31.2 KB). Loaded Objects now: 3615.
Memory consumption went from 129.4 MB to 129.4 MB.
Total: 2.787000 ms (FindLiveObjects: 0.207600 ms CreateObjectMapping: 0.076600 ms MarkObjects: 2.437800 ms  DeleteObjects: 0.063800 ms)

Prepare: number of updated asset objects reloaded= 0
AssetImportParameters requested are different than current active one (requested -> active):
  custom:container-demuxer-ogg: 62fdf1f143b41e24485cea50d1cbac27 -> 
  custom:video-decoder-ogg-theora: a1e56fd34408186e4bbccfd4996cb3dc -> 
  custom:framework-win-MediaFoundation: 216162199b28c13a410421893ffa2e32 -> 
  custom:CustomObjectIndexerAttribute: 9a22284fe3817be447336de3de66b15e -> 
  custom:container-demuxer-webm: 4f35f7cbe854078d1ac9338744f61a02 -> 
  custom:container-muxer-webm: aa71ff27fc2769a1b78a27578f13a17b -> 
  custom:video-decoder-webm-vp8: 9c59270c3fd7afecdb556c50c9e8de78 -> 
  custom:SearchIndexIgnoredProperties: e643bd26f0fe6173181afceb89e7c659 -> 
  custom:AudioImporter_EditorPlatform: d09bf68614088b80899f8185d706f6e7 -> 
  custom:video-encoder-webm-vp8: eb34c28f22e8b96e1ab97ce403110664 -> 
  custom:audio-decoder-ogg-vorbis: bf7c407c2cedff20999df2af8eb42d56 -> 
  custom:audio-encoder-webm-vorbis: bf7c407c2cedff20999df2af8eb42d56 -> 
